Using pre-set license
Built from '2020.3/staging' branch; Version is '2020.3.19f1 (68f137dc9bbe) revision 6877495'; Using compiler version '192528614'; Build Type 'Release'
OS: 'Windows 10 Home; OS build 19044.1415; Version 2009; 64bit' Language: 'en' Physical Memory: 16221 MB
BatchMode: 1, IsHumanControllingUs: 0, StartBugReporterOnCrash: 0, Is64bit: 1, IsPro: 0

COMMAND LINE ARGUMENTS:
C:\Program Files\Unity\Hub\Editor\2020.3.19f1\Editor\Unity.exe
-adb2
-batchMode
-noUpm
-name
AssetImportWorker0
-projectPath
C:/SchoolStuff/School/Repos/GameChallenge2022/GameChallenge2022/OpenWorld GameChallenge2022
-logFile
Logs/AssetImportWorker0.log
-srvPort
52167
Successfully changed project path to: C:/SchoolStuff/School/Repos/GameChallenge2022/GameChallenge2022/OpenWorld GameChallenge2022
C:/SchoolStuff/School/Repos/GameChallenge2022/GameChallenge2022/OpenWorld GameChallenge2022
Using Asset Import Pipeline V2.
Refreshing native plugins compatible for Editor in 195.32 ms, found 2 plugins.
Preloading 0 native plugins for Editor in 0.00 ms.
Initialize engine version: 2020.3.19f1 (68f137dc9bbe)
[Subsystems] Discovering subsystems at path C:/Program Files/Unity/Hub/Editor/2020.3.19f1/Editor/Data/Resources/UnitySubsystems
[Subsystems] Discovering subsystems at path C:/SchoolStuff/School/Repos/GameChallenge2022/GameChallenge2022/OpenWorld GameChallenge2022/Assets
GfxDevice: creating device client; threaded=0
Direct3D:
    Version:  Direct3D 11.0 [level 11.1]
    Renderer: NVIDIA GeForce RTX 2060 (ID=0x1f15)
    Vendor:   
    VRAM:     5980 MB
    Driver:   30.0.14.9709
Initialize mono
Mono path[0] = 'C:/Program Files/Unity/Hub/Editor/2020.3.19f1/Editor/Data/Managed'
Mono path[1] = 'C:/Program Files/Unity/Hub/Editor/2020.3.19f1/Editor/Data/MonoBleedingEdge/lib/mono/unityjit'
Mono config path = 'C:/Program Files/Unity/Hub/Editor/2020.3.19f1/Editor/Data/MonoBleedingEdge/etc'
Using monoOptions --debugger-agent=transport=dt_socket,embedding=1,server=y,suspend=n,address=127.0.0.1:56988
Begin MonoManager ReloadAssembly
Registering precompiled unity dll's ...
Register platform support module: C:/Program Files/Unity/Hub/Editor/2020.3.19f1/Editor/Data/PlaybackEngines/WindowsStandaloneSupport/UnityEditor.WindowsStandalone.Extensions.dll
Registered in 0.003102 seconds.
Native extension for WindowsStandalone target not found
Refreshing native plugins compatible for Editor in 125.09 ms, found 2 plugins.
Preloading 0 native plugins for Editor in 0.00 ms.
Mono: successfully reloaded assembly
- Completed reload, in  2.963 seconds
Domain Reload Profiling:
	ReloadAssembly (2964ms)
		BeginReloadAssembly (117ms)
			ExecutionOrderSort (0ms)
			DisableScriptedObjects (0ms)
			BackupInstance (0ms)
			ReleaseScriptingObjects (0ms)
			CreateAndSetChildDomain (1ms)
		EndReloadAssembly (648ms)
			LoadAssemblies (112ms)
			RebuildTransferFunctionScriptingTraits (0ms)
			SetupTypeCache (228ms)
			ReleaseScriptCaches (0ms)
			RebuildScriptCaches (34ms)
			SetupLoadedEditorAssemblies (287ms)
				LogAssemblyErrors (0ms)
				InitializePlatformSupportModulesInManaged (5ms)
				SetLoadedEditorAssemblies (0ms)
				RefreshPlugins (125ms)
				BeforeProcessingInitializeOnLoad (21ms)
				ProcessInitializeOnLoadAttributes (97ms)
				ProcessInitializeOnLoadMethodAttributes (38ms)
				AfterProcessingInitializeOnLoad (0ms)
				EditorAssembliesLoaded (0ms)
			ExecutionOrderSort2 (0ms)
			AwakeInstancesAfterBackupRestoration (0ms)
Platform modules already initialized, skipping
Registering precompiled user dll's ...
Registered in 0.007041 seconds.
Begin MonoManager ReloadAssembly
Native extension for WindowsStandalone target not found
Refreshing native plugins compatible for Editor in 80.17 ms, found 2 plugins.
Preloading 0 native plugins for Editor in 0.00 ms.
Mono: successfully reloaded assembly
- Completed reload, in  1.529 seconds
Domain Reload Profiling:
	ReloadAssembly (1530ms)
		BeginReloadAssembly (168ms)
			ExecutionOrderSort (0ms)
			DisableScriptedObjects (4ms)
			BackupInstance (0ms)
			ReleaseScriptingObjects (0ms)
			CreateAndSetChildDomain (23ms)
		EndReloadAssembly (1301ms)
			LoadAssemblies (92ms)
			RebuildTransferFunctionScriptingTraits (0ms)
			SetupTypeCache (413ms)
			ReleaseScriptCaches (1ms)
			RebuildScriptCaches (83ms)
			SetupLoadedEditorAssemblies (605ms)
				LogAssemblyErrors (0ms)
				InitializePlatformSupportModulesInManaged (3ms)
				SetLoadedEditorAssemblies (0ms)
				RefreshPlugins (80ms)
				BeforeProcessingInitializeOnLoad (100ms)
				ProcessInitializeOnLoadAttributes (272ms)
				ProcessInitializeOnLoadMethodAttributes (142ms)
				AfterProcessingInitializeOnLoad (7ms)
				EditorAssembliesLoaded (0ms)
			ExecutionOrderSort2 (0ms)
			AwakeInstancesAfterBackupRestoration (5ms)
Platform modules already initialized, skipping
========================================================================
Worker process is ready to serve import requests
Launched and connected shader compiler UnityShaderCompiler.exe after 0.08 seconds
Refreshing native plugins compatible for Editor in 1.10 ms, found 2 plugins.
Preloading 0 native plugins for Editor in 0.00 ms.
Unloading 4080 Unused Serialized files (Serialized files now loaded: 0)
System memory in use before: 193.1 MB.
System memory in use after: 193.3 MB.

Unloading 20 unused Assets to reduce memory usage. Loaded Objects now: 4533.
Total: 4.711000 ms (FindLiveObjects: 0.438500 ms CreateObjectMapping: 0.283300 ms MarkObjects: 3.914200 ms  DeleteObjects: 0.073700 ms)

AssetImportParameters requested are different than current active one (requested -> active):
  custom:framework-win-MediaFoundation: 216162199b28c13a410421893ffa2e32 -> 
  custom:video-decoder-ogg-theora: a1e56fd34408186e4bbccfd4996cb3dc -> 
  custom:container-muxer-webm: aa71ff27fc2769a1b78a27578f13a17b -> 
  custom:container-demuxer-webm: 4f35f7cbe854078d1ac9338744f61a02 -> 
  custom:container-demuxer-ogg: 62fdf1f143b41e24485cea50d1cbac27 -> 
  custom:video-encoder-webm-vp8: eb34c28f22e8b96e1ab97ce403110664 -> 
  custom:video-decoder-webm-vp8: 9c59270c3fd7afecdb556c50c9e8de78 -> 
  custom:audio-decoder-ogg-vorbis: bf7c407c2cedff20999df2af8eb42d56 -> 
  custom:audio-encoder-webm-vorbis: bf7c407c2cedff20999df2af8eb42d56 -> 
========================================================================
Received Import Request.
  path: Assets/SampleSceneAssets/TutorialInfo/Readme.asset
  artifactKey: Guid(83c2ed844a8c74b779a4c823d16594b1) Importer(815301076,1909f56bfc062723c751e8b465ee728b)
Start importing Assets/SampleSceneAssets/TutorialInfo/Readme.asset using Guid(83c2ed844a8c74b779a4c823d16594b1) Importer(815301076,1909f56bfc062723c751e8b465ee728b)  -> (artifact id: '2f526ef3cb39c3e098b46d739acdfcb0') in 0.064733 seconds 
  Import took 0.076973 seconds .

========================================================================
Received Prepare
Registering precompiled user dll's ...
Registered in 0.004270 seconds.
Begin MonoManager ReloadAssembly
Native extension for WindowsStandalone target not found
Refreshing native plugins compatible for Editor in 0.83 ms, found 2 plugins.
Preloading 0 native plugins for Editor in 0.00 ms.
Mono: successfully reloaded assembly
- Completed reload, in  1.734 seconds
Domain Reload Profiling:
	ReloadAssembly (1735ms)
		BeginReloadAssembly (129ms)
			ExecutionOrderSort (0ms)
			DisableScriptedObjects (4ms)
			BackupInstance (0ms)
			ReleaseScriptingObjects (0ms)
			CreateAndSetChildDomain (44ms)
		EndReloadAssembly (1541ms)
			LoadAssemblies (95ms)
			RebuildTransferFunctionScriptingTraits (0ms)
			SetupTypeCache (483ms)
			ReleaseScriptCaches (3ms)
			RebuildScriptCaches (139ms)
			SetupLoadedEditorAssemblies (498ms)
				LogAssemblyErrors (0ms)
				InitializePlatformSupportModulesInManaged (6ms)
				SetLoadedEditorAssemblies (1ms)
				RefreshPlugins (1ms)
				BeforeProcessingInitializeOnLoad (129ms)
				ProcessInitializeOnLoadAttributes (344ms)
				ProcessInitializeOnLoadMethodAttributes (8ms)
				AfterProcessingInitializeOnLoad (8ms)
				EditorAssembliesLoaded (0ms)
			ExecutionOrderSort2 (0ms)
			AwakeInstancesAfterBackupRestoration (22ms)
Platform modules already initialized, skipping
Refreshing native plugins compatible for Editor in 1.39 ms, found 2 plugins.
Preloading 0 native plugins for Editor in 0.00 ms.
Unloading 3798 Unused Serialized files (Serialized files now loaded: 0)
System memory in use before: 178.1 MB.
System memory in use after: 178.3 MB.

Unloading 13 unused Assets to reduce memory usage. Loaded Objects now: 4535.
Total: 4.251400 ms (FindLiveObjects: 0.396400 ms CreateObjectMapping: 0.248200 ms MarkObjects: 3.584900 ms  DeleteObjects: 0.020300 ms)

AssetImportParameters requested are different than current active one (requested -> active):
  custom:framework-win-MediaFoundation: 216162199b28c13a410421893ffa2e32 -> 
  custom:video-decoder-ogg-theora: a1e56fd34408186e4bbccfd4996cb3dc -> 
  custom:container-muxer-webm: aa71ff27fc2769a1b78a27578f13a17b -> 
  custom:container-demuxer-webm: 4f35f7cbe854078d1ac9338744f61a02 -> 
  custom:container-demuxer-ogg: 62fdf1f143b41e24485cea50d1cbac27 -> 
  custom:video-encoder-webm-vp8: eb34c28f22e8b96e1ab97ce403110664 -> 
  custom:video-decoder-webm-vp8: 9c59270c3fd7afecdb556c50c9e8de78 -> 
  custom:audio-decoder-ogg-vorbis: bf7c407c2cedff20999df2af8eb42d56 -> 
  custom:audio-encoder-webm-vorbis: bf7c407c2cedff20999df2af8eb42d56 -> 
========================================================================
Received Import Request.
  Time since last request: 1920.440199 seconds.
  path: Assets
  artifactKey: Guid(00000000000000001000000000000000) Importer(815301076,1909f56bfc062723c751e8b465ee728b)
Start importing Assets using Guid(00000000000000001000000000000000) Importer(815301076,1909f56bfc062723c751e8b465ee728b)  -> (artifact id: '42d402b061de3733987d63b9cc3b64de') in 0.009824 seconds 
  Import took 0.016440 seconds .

========================================================================
Received Import Request.
  Time since last request: 8.811402 seconds.
  path: Assets/HDRP Stuff
  artifactKey: Guid(933dea482e2cfd44d90a93863c3a7842) Importer(815301076,1909f56bfc062723c751e8b465ee728b)
Start importing Assets/HDRP Stuff using Guid(933dea482e2cfd44d90a93863c3a7842) Importer(815301076,1909f56bfc062723c751e8b465ee728b)  -> (artifact id: '083c2584cdf2c1cc6b5a321a661153e3') in 0.007879 seconds 
  Import took 0.017095 seconds .

========================================================================
Received Import Request.
  Time since last request: 7.295656 seconds.
  path: Assets/Scripts
  artifactKey: Guid(15cda5e790f1cba48b503ca41a640853) Importer(815301076,1909f56bfc062723c751e8b465ee728b)
Start importing Assets/Scripts using Guid(15cda5e790f1cba48b503ca41a640853) Importer(815301076,1909f56bfc062723c751e8b465ee728b)  -> (artifact id: '932cda1a7cccb74212bd3dd1da55842d') in 0.007761 seconds 
  Import took 0.015323 seconds .

========================================================================
Received Import Request.
  Time since last request: 8.072658 seconds.
  path: Assets/New Folder
  artifactKey: Guid(03e5e0fd8e35f3d44821a3183a1ed4d8) Importer(815301076,1909f56bfc062723c751e8b465ee728b)
Start importing Assets/New Folder using Guid(03e5e0fd8e35f3d44821a3183a1ed4d8) Importer(815301076,1909f56bfc062723c751e8b465ee728b)  -> (artifact id: '5302526d51548184b149cd12fd6307cb') in 0.008499 seconds 
  Import took 0.016059 seconds .

========================================================================
Received Import Request.
  Time since last request: 2.995961 seconds.
  path: Assets/SampleSceneAssets
  artifactKey: Guid(0608b30f8530dad4092512580c6c9daa) Importer(815301076,1909f56bfc062723c751e8b465ee728b)
Start importing Assets/SampleSceneAssets using Guid(0608b30f8530dad4092512580c6c9daa) Importer(815301076,1909f56bfc062723c751e8b465ee728b)  -> (artifact id: '2b26ac134f46cd663bc6e491eb68af77') in 0.008618 seconds 
  Import took 0.015278 seconds .

========================================================================
Received Import Request.
  Time since last request: 3.822328 seconds.
  path: Assets/Scenes
  artifactKey: Guid(f96f45d5ad88e7c4eb64180c598059ad) Importer(815301076,1909f56bfc062723c751e8b465ee728b)
Start importing Assets/Scenes using Guid(f96f45d5ad88e7c4eb64180c598059ad) Importer(815301076,1909f56bfc062723c751e8b465ee728b)  -> (artifact id: '9decad1a2898354ee279fb7d40f489c0') in 0.007531 seconds 
  Import took 0.016852 seconds .

========================================================================
Received Prepare
Registering precompiled user dll's ...
Registered in 0.003785 seconds.
Begin MonoManager ReloadAssembly
Native extension for WindowsStandalone target not found
Refreshing native plugins compatible for Editor in 0.74 ms, found 2 plugins.
Preloading 0 native plugins for Editor in 0.00 ms.
Mono: successfully reloaded assembly
- Completed reload, in  1.437 seconds
Domain Reload Profiling:
	ReloadAssembly (1438ms)
		BeginReloadAssembly (165ms)
			ExecutionOrderSort (0ms)
			DisableScriptedObjects (5ms)
			BackupInstance (0ms)
			ReleaseScriptingObjects (0ms)
			CreateAndSetChildDomain (54ms)
		EndReloadAssembly (1203ms)
			LoadAssemblies (115ms)
			RebuildTransferFunctionScriptingTraits (0ms)
			SetupTypeCache (385ms)
			ReleaseScriptCaches (2ms)
			RebuildScriptCaches (82ms)
			SetupLoadedEditorAssemblies (458ms)
				LogAssemblyErrors (0ms)
				InitializePlatformSupportModulesInManaged (4ms)
				SetLoadedEditorAssemblies (0ms)
				RefreshPlugins (1ms)
				BeforeProcessingInitializeOnLoad (111ms)
				ProcessInitializeOnLoadAttributes (326ms)
				ProcessInitializeOnLoadMethodAttributes (8ms)
				AfterProcessingInitializeOnLoad (8ms)
				EditorAssembliesLoaded (0ms)
			ExecutionOrderSort2 (0ms)
			AwakeInstancesAfterBackupRestoration (21ms)
Platform modules already initialized, skipping
Refreshing native plugins compatible for Editor in 1.10 ms, found 2 plugins.
Preloading 0 native plugins for Editor in 0.00 ms.
Unloading 3798 Unused Serialized files (Serialized files now loaded: 0)
System memory in use before: 178.1 MB.
System memory in use after: 178.4 MB.

Unloading 13 unused Assets to reduce memory usage. Loaded Objects now: 4537.
Total: 4.117800 ms (FindLiveObjects: 0.318400 ms CreateObjectMapping: 0.206600 ms MarkObjects: 3.569200 ms  DeleteObjects: 0.022300 ms)

AssetImportParameters requested are different than current active one (requested -> active):
  custom:framework-win-MediaFoundation: 216162199b28c13a410421893ffa2e32 -> 
  custom:video-decoder-ogg-theora: a1e56fd34408186e4bbccfd4996cb3dc -> 
  custom:container-muxer-webm: aa71ff27fc2769a1b78a27578f13a17b -> 
  custom:container-demuxer-webm: 4f35f7cbe854078d1ac9338744f61a02 -> 
  custom:container-demuxer-ogg: 62fdf1f143b41e24485cea50d1cbac27 -> 
  custom:video-encoder-webm-vp8: eb34c28f22e8b96e1ab97ce403110664 -> 
  custom:video-decoder-webm-vp8: 9c59270c3fd7afecdb556c50c9e8de78 -> 
  custom:audio-decoder-ogg-vorbis: bf7c407c2cedff20999df2af8eb42d56 -> 
  custom:audio-encoder-webm-vorbis: bf7c407c2cedff20999df2af8eb42d56 -> 
========================================================================
Received Import Request.
  Time since last request: 12.409372 seconds.
  path: Assets/Art
  artifactKey: Guid(78deaaa5de6c2af4f82e2d17463dcf16) Importer(815301076,1909f56bfc062723c751e8b465ee728b)
Start importing Assets/Art using Guid(78deaaa5de6c2af4f82e2d17463dcf16) Importer(815301076,1909f56bfc062723c751e8b465ee728b)  -> (artifact id: '8782547d80ba4a79a91c5f1ed6bd5982') in 0.013137 seconds 
  Import took 0.019370 seconds .

========================================================================
Received Import Request.
  Time since last request: 4.841541 seconds.
  path: Assets/Art/Materials
  artifactKey: Guid(a4277cb6a2f06a444bcfb47ed2ef4916) Importer(815301076,1909f56bfc062723c751e8b465ee728b)
Start importing Assets/Art/Materials using Guid(a4277cb6a2f06a444bcfb47ed2ef4916) Importer(815301076,1909f56bfc062723c751e8b465ee728b)  -> (artifact id: '4e853d2db600bc0295e0ebf7a92662ae') in 0.006239 seconds 
  Import took 0.012915 seconds .

========================================================================
Received Import Request.
  Time since last request: 4.897935 seconds.
  path: Assets/Art/Textures
  artifactKey: Guid(d8af051bc64e60c4dacac9d05a67cc92) Importer(815301076,1909f56bfc062723c751e8b465ee728b)
Start importing Assets/Art/Textures using Guid(d8af051bc64e60c4dacac9d05a67cc92) Importer(815301076,1909f56bfc062723c751e8b465ee728b)  -> (artifact id: '66af5caf7680de91ed0ebbb48ea79236') in 0.008030 seconds 
  Import took 0.015864 seconds .

========================================================================
Received Import Request.
  Time since last request: 6.306920 seconds.
  path: Assets/Art/Shaders
  artifactKey: Guid(c76df21e9ab11fc45964baad8ea7a565) Importer(815301076,1909f56bfc062723c751e8b465ee728b)
Start importing Assets/Art/Shaders using Guid(c76df21e9ab11fc45964baad8ea7a565) Importer(815301076,1909f56bfc062723c751e8b465ee728b)  -> (artifact id: '3fc508c29be4eb8968fe383e72f1c4e2') in 0.006849 seconds 
  Import took 0.013001 seconds .

========================================================================
Received Import Request.
  Time since last request: 5.341358 seconds.
  path: Assets/Prefabs
  artifactKey: Guid(cdfbacacb2f77514db29fd03f0ceaa69) Importer(815301076,1909f56bfc062723c751e8b465ee728b)
Start importing Assets/Prefabs using Guid(cdfbacacb2f77514db29fd03f0ceaa69) Importer(815301076,1909f56bfc062723c751e8b465ee728b)  -> (artifact id: '0364608b3debbd436398a5b06a387c54') in 0.007777 seconds 
  Import took 0.014552 seconds .

========================================================================
Received Import Request.
  Time since last request: 5.314439 seconds.
  path: Assets/Imports
  artifactKey: Guid(ac6c5eb0b302ca64b931ea50cc256500) Importer(815301076,1909f56bfc062723c751e8b465ee728b)
Start importing Assets/Imports using Guid(ac6c5eb0b302ca64b931ea50cc256500) Importer(815301076,1909f56bfc062723c751e8b465ee728b)  -> (artifact id: 'f0954f63035a4d1dff67268379ceca69') in 0.006511 seconds 
  Import took 0.013052 seconds .

========================================================================
Received Import Request.
  Time since last request: 8.476711 seconds.
  path: Assets/Imports/AssetPacks
  artifactKey: Guid(c5bd49f3a845f9644a1f2c7d81356427) Importer(815301076,1909f56bfc062723c751e8b465ee728b)
Start importing Assets/Imports/AssetPacks using Guid(c5bd49f3a845f9644a1f2c7d81356427) Importer(815301076,1909f56bfc062723c751e8b465ee728b)  -> (artifact id: 'aaae754db0c9914ab647c53e38005668') in 0.007282 seconds 
  Import took 0.014906 seconds .

========================================================================
Received Import Request.
  Time since last request: 6.311235 seconds.
  path: Assets/Imports/OwnAssets
  artifactKey: Guid(61ec3de77b805884ab98a34c7917f56d) Importer(815301076,1909f56bfc062723c751e8b465ee728b)
Start importing Assets/Imports/OwnAssets using Guid(61ec3de77b805884ab98a34c7917f56d) Importer(815301076,1909f56bfc062723c751e8b465ee728b)  -> (artifact id: '818d50890e3807299cac36158212537d') in 0.007263 seconds 
  Import took 0.016349 seconds .

========================================================================
Received Import Request.
  Time since last request: 20.783756 seconds.
  path: Assets/Art/Animations
  artifactKey: Guid(1eb93a9f725796548beadfe30656eb76) Importer(815301076,1909f56bfc062723c751e8b465ee728b)
Start importing Assets/Art/Animations using Guid(1eb93a9f725796548beadfe30656eb76) Importer(815301076,1909f56bfc062723c751e8b465ee728b)  -> (artifact id: '8d367f19f4b5cc509c8e55e071c9d6c3') in 0.007018 seconds 
  Import took 0.014629 seconds .

AssetImportWorkerClient::OnTransportError - code=2 error=End of file
